#
# A fatal error has been detected by the Java Runtime Environment:
#
#  EXCEPTION_ACCESS_VIOLATION (0xc0000005) at pc=0x00007ff98ee1249f, pid=6820, tid=8928
#
# JRE version: OpenJDK Runtime Environment Temurin-17.0.2+8 (17.0.2+8) (build 17.0.2+8)
# Java VM: OpenJDK 64-Bit Server VM Temurin-17.0.2+8 (17.0.2+8, mixed mode, tiered, compressed oops, compressed class ptrs, parallel gc, windows-amd64)
# Problematic frame:
# V  [jvm.dll+0x22249f]
#
# No core dump will be written. Minidumps are not enabled by default on client versions of Windows
#
# If you would like to submit a bug report, please visit:
#   https://github.com/adoptium/adoptium-support/issues
#

---------------  S U M M A R Y ------------

Command Line: --add-modules=ALL-SYSTEM --add-opens=java.base/java.util=ALL-UNNAMED --add-opens=java.base/java.lang=ALL-UNNAMED --add-opens=java.base/sun.nio.fs=ALL-UNNAMED -Declipse.application=org.eclipse.jdt.ls.core.id1 -Dosgi.bundles.defaultStartLevel=4 -Declipse.product=org.eclipse.jdt.ls.core.product -Djava.import.generatesMetadataFilesAtProjectRoot=false -Dfile.encoding=utf8 -DwatchParentProcess=false -XX:+UseParallelGC -XX:GCTimeRatio=4 -XX:AdaptiveSizePolicyWeight=90 -Dsun.zip.disableMemoryMapping=true -Xmx1G -Xms100m -XX:+HeapDumpOnOutOfMemoryError -XX:HeapDumpPath=c:\Users\brand\AppData\Roaming\Code\User\workspaceStorage\ed4a9e16fab62d1cd9c43109e4623cae\redhat.java c:\Users\brand\.vscode\extensions\redhat.java-1.4.0\server\plugins\org.eclipse.equinox.launcher_1.6.400.v20210924-0641.jar -configuration c:\Users\brand\AppData\Roaming\Code\User\globalStorage\redhat.java\1.4.0\config_win -data c:\Users\brand\AppData\Roaming\Code\User\workspaceStorage\ed4a9e16fab62d1cd9c43109e4623cae\redhat.java\jdt_ws

Host: Intel(R) Core(TM) i7-8700K CPU @ 3.70GHz, 12 cores, 15G,  Windows 11 , 64 bit Build 22000 (10.0.22000.434)
Time: Sat Mar 26 07:36:14 2022 Eastern Daylight Time elapsed time: 324.261959 seconds (0d 0h 5m 24s)

---------------  T H R E A D  ---------------

Current thread (0x0000011fb46e20e0):  JavaThread "C2 CompilerThread0" daemon [_thread_in_native, id=8928, stack(0x0000001a7dc00000,0x0000001a7dd00000)]


Current CompileTask:
C2: 324262 12726       4       org.eclipse.jdt.internal.compiler.parser.Scanner::internalScanIdentifierOrKeyword (4733 bytes)

Stack: [0x0000001a7dc00000,0x0000001a7dd00000],  sp=0x0000001a7dcfdb30,  free space=1014k
Native frames: (J=compiled Java code, j=interpreted, Vv=VM code, C=native code)
V  [jvm.dll+0x22249f]
V  [jvm.dll+0x69874b]
V  [jvm.dll+0x217229]
V  [jvm.dll+0x1a3a8d]
V  [jvm.dll+0x226ef8]
V  [jvm.dll+0x22503c]
V  [jvm.dll+0x7e596b]
V  [jvm.dll+0x7dff2a]
V  [jvm.dll+0x6744d5]
C  [ucrtbase.dll+0x26c0c]
C  [KERNEL32.DLL+0x154e0]
C  [ntdll.dll+0x485b]


siginfo: EXCEPTION_ACCESS_VIOLATION (0xc0000005), reading address 0x0000011f999a06e8


Register to memory mapping:

RIP=0x00007ff98ee1249f jvm.dll
RAX=0x0000011f999a06c0 is an unknown value
RBX=0x0000001a7dcfec70 is pointing into the stack for thread: 0x0000011fb46e20e0
RCX=0x0000000000000004 is an unknown value
RDX=0x00000000000000d9 is an unknown value
RSP=0x0000001a7dcfdb30 is pointing into the stack for thread: 0x0000011fb46e20e0
RBP=0x0000000000000788 is an unknown value
RSI=0x0000011fb9469bd8 points into unknown readable memory: 0x00007ff98f52ab38 | 38 ab 52 8f f9 7f 00 00
RDI=0x0000001a7dcfddc0 is pointing into the stack for thread: 0x0000011fb46e20e0
R8 =0x0000000000000002 is an unknown value
R9 =0x0000000000000028 is an unknown value
R10=0x0000011fc177ef30 points into unknown readable memory: 0x0000011fb9469b88 | 88 9b 46 b9 1f 01 00 00
R11=0x0000011fc177ef40 points into unknown readable memory: 0x0000011f999a06c0 | c0 06 9a 99 1f 01 00 00
R12=0x0000011fc17d3778 points into unknown readable memory: 0x00007ff98f5b91e8 | e8 91 5b 8f f9 7f 00 00
R13=0x0 is NULL
R14=0x0000001a7dcfdc80 is pointing into the stack for thread: 0x0000011fb46e20e0
R15=0x0000000000000003 is an unknown value


Registers:
RAX=0x0000011f999a06c0, RBX=0x0000001a7dcfec70, RCX=0x0000000000000004, RDX=0x00000000000000d9
RSP=0x0000001a7dcfdb30, RBP=0x0000000000000788, RSI=0x0000011fb9469bd8, RDI=0x0000001a7dcfddc0
R8 =0x0000000000000002, R9 =0x0000000000000028, R10=0x0000011fc177ef30, R11=0x0000011fc177ef40
R12=0x0000011fc17d3778, R13=0x0000000000000000, R14=0x0000001a7dcfdc80, R15=0x0000000000000003
RIP=0x00007ff98ee1249f, EFLAGS=0x0000000000010293

Top of Stack: (sp=0x0000001a7dcfdb30)
0x0000001a7dcfdb30:   0000001a7dcfec70 0000011fb7481038
0x0000001a7dcfdb40:   0000001a7dcfec70 000000000000217f
0x0000001a7dcfdb50:   0000000000000003 0000001a7dcfdc80
0x0000001a7dcfdb60:   0000011f9c7cbe20 0000001a7dcfe210
0x0000001a7dcfdb70:   0000001a7dcfddb0 00007ff98f28874b
0x0000001a7dcfdb80:   0000001a7dcfdcb0 0000011fc0e31d80
0x0000001a7dcfdb90:   0000001a7dcfdcb0 0000001a7dcfddb0
0x0000001a7dcfdba0:   0000001a7dcfec70 00007ff98ee07229
0x0000001a7dcfdbb0:   0000011fc0e31d80 0000001a7dcfdcb0
0x0000001a7dcfdbc0:   0000000000000002 0000000000000001
0x0000001a7dcfdbd0:   0000011fa18a0000 0000000000000000
0x0000001a7dcfdbe0:   0000011fa18a0000 0000000000000000
0x0000001a7dcfdbf0:   0000011fb4781320 0000011fb4781300
0x0000001a7dcfdc00:   0000011fb4781328 00007ff98f50c49c
0x0000001a7dcfdc10:   0000000000000000 0000000000000000
0x0000001a7dcfdc20:   0000000000000000 00007ff98f50c49c 

Instructions: (pc=0x00007ff98ee1249f)
0x00007ff98ee1239f:   48 8d 93 c8 07 00 00 4c 8b c7 48 8b cb e8 9f fc
0x00007ff98ee123af:   ff ff 48 8d 93 e0 07 00 00 4c 8b c7 48 8b cb e8
0x00007ff98ee123bf:   8d fc ff ff 48 8b 05 c6 75 93 00 48 8b d7 48 8b
0x00007ff98ee123cf:   48 28 48 8b 01 48 8b 5c 24 48 48 83 c4 20 5f 48
0x00007ff98ee123df:   ff a0 b0 00 00 00 3b d0 7d 38 48 63 c2 4c 8d 04
0x00007ff98ee123ef:   c5 00 00 00 00 0f 1f 40 00 0f 1f 84 00 00 00 00
0x00007ff98ee123ff:   00 48 8b 8b 08 02 00 00 4d 8d 40 08 ff c2 4a 8b
0x00007ff98ee1240f:   44 01 f8 4a 89 44 01 f0 8b 83 00 02 00 00 3b d0
0x00007ff98ee1241f:   7c df ff c8 89 83 00 02 00 00 e9 3e ff ff ff cc
0x00007ff98ee1242f:   cc 48 89 5c 24 10 48 89 6c 24 18 56 57 41 55 41
0x00007ff98ee1243f:   56 41 57 48 83 ec 20 45 33 ed 48 8b fa 48 8b d9
0x00007ff98ee1244f:   41 8b ed 44 39 6a 18 0f 86 ae 00 00 00 0f 1f 40
0x00007ff98ee1245f:   00 48 8b 47 10 44 8b c5 ff c5 4a 8b 34 c0 8b 46
0x00007ff98ee1246f:   2c 83 e0 03 3c 03 75 09 48 8d 4e 48 e8 60 6b 4a
0x00007ff98ee1247f:   00 44 8b 4e 20 45 8b c5 45 85 c9 7e 50 0f 1f 40
0x00007ff98ee1248f:   00 4c 8b 56 10 41 8b c0 4d 8d 1c c2 49 8b 04 c2
0x00007ff98ee1249f:   8b 48 28 8b c1 c1 e8 05 3b 47 20 73 11 8b d0 83
0x00007ff98ee124af:   e1 1f 48 8b 47 28 8b 04 90 0f a3 c8 72 13 ff 4e
0x00007ff98ee124bf:   20 41 ff c8 8b 46 20 41 ff c9 49 8b 04 c2 49 89
0x00007ff98ee124cf:   03 41 ff c0 45 3b c1 7c b8 44 8b 4e 20 41 83 f9
0x00007ff98ee124df:   01 75 1f 48 8b ce e8 96 09 43 00 84 c0 74 13 48
0x00007ff98ee124ef:   8b 56 10 48 8b 8b 90 07 00 00 48 8b 12 e8 9f 0e
0x00007ff98ee124ff:   e8 ff 3b 6f 18 0f 82 56 ff ff ff 44 8b 83 a0 01
0x00007ff98ee1250f:   00 00 41 83 e8 01 4d 63 c8 78 56 66 0f 1f 44 00
0x00007ff98ee1251f:   00 4c 8b 93 a8 01 00 00 4b 8b 04 ca 8b 48 28 8b
0x00007ff98ee1252f:   c1 c1 e8 05 3b 47 20 73 11 8b d0 83 e1 1f 48 8b
0x00007ff98ee1253f:   47 28 8b 04 90 0f a3 c8 72 1e 48 63 8b a0 01 00
0x00007ff98ee1254f:   00 8d 41 ff 89 83 a0 01 00 00 44 3b c0 7d 09 49
0x00007ff98ee1255f:   8b 4c ca f8 4b 89 0c ca 41 ff c8 49 83 e9 01 79
0x00007ff98ee1256f:   b0 44 8b 83 b8 01 00 00 41 83 e8 01 4d 63 c8 78
0x00007ff98ee1257f:   50 4c 8b 93 c0 01 00 00 4b 8b 04 ca 8b 48 28 8b
0x00007ff98ee1258f:   c1 c1 e8 05 3b 47 20 73 11 8b d0 83 e1 1f 48 8b 


Stack slot to memory mapping:
stack at sp + 0 slots: 0x0000001a7dcfec70 is pointing into the stack for thread: 0x0000011fb46e20e0
stack at sp + 1 slots: 0x0000011fb7481038 points into unknown readable memory: 0x00007ff98f587df0 | f0 7d 58 8f f9 7f 00 00
stack at sp + 2 slots: 0x0000001a7dcfec70 is pointing into the stack for thread: 0x0000011fb46e20e0
stack at sp + 3 slots: 0x000000000000217f is an unknown value
stack at sp + 4 slots: 0x0000000000000003 is an unknown value
stack at sp + 5 slots: 0x0000001a7dcfdc80 is pointing into the stack for thread: 0x0000011fb46e20e0
stack at sp + 6 slots: 0x0000011f9c7cbe20 points into unknown readable memory: 0x0000000000000000 | 00 00 00 00 00 00 00 00
stack at sp + 7 slots: 0x0000001a7dcfe210 is pointing into the stack for thread: 0x0000011fb46e20e0


---------------  P R O C E S S  ---------------

Threads class SMR info:
_java_thread_list=0x0000011fc1cd1eb0, length=55, elements={
0x0000011f9eb15020, 0x0000011fb2992420, 0x0000011fb2995490, 0x0000011fb299e2d0,
0x0000011fb46b7010, 0x0000011fb46dd030, 0x0000011fb46de180, 0x0000011fb46e20e0,
0x0000011fb46ecdb0, 0x0000011fb46f42f0, 0x0000011fb4880030, 0x0000011fb4998460,
0x0000011fb5eb6040, 0x0000011fb6071250, 0x0000011fb5e8da50, 0x0000011fb5e94720,
0x0000011fb7211fa0, 0x0000011fb7326b50, 0x0000011fb762a000, 0x0000011fb762a4d0,
0x0000011fb7629190, 0x0000011fb762b340, 0x0000011fb762c680, 0x0000011fb7629660,
0x0000011fb5aaf560, 0x0000011fb5aae6f0, 0x0000011fb5aaebc0, 0x0000011fb5aaa390,
0x0000011fb5aa9ec0, 0x0000011fb5aaa860, 0x0000011fb5aab6d0, 0x0000011fb5aafa30,
0x0000011fb5aad3b0, 0x0000011fb5aabba0, 0x0000011fb5aab200, 0x0000011fb5aa86b0,
0x0000011fb5aa8b80, 0x0000011fb5aa9050, 0x0000011fb5aac540, 0x0000011fbbe9ae50,
0x0000011fbbe9b320, 0x0000011fbbe9a4b0, 0x0000011fbbe97490, 0x0000011fbbe9a980,
0x0000011fbbe9b7f0, 0x0000011fbbe99640, 0x0000011fbbe9bcc0, 0x0000011fbbe9c190,
0x0000011fbbe97960, 0x0000011fbbe99fe0, 0x0000011fbbe99170, 0x0000011fbbe9cb30,
0x0000011fbbe9d4d0, 0x0000011fbbe97e30, 0x0000011fbbe96fc0
}

Java Threads: ( => current thread )
  0x0000011f9eb15020 JavaThread "main" [_thread_blocked, id=38936, stack(0x0000001a7d300000,0x0000001a7d400000)]
  0x0000011fb2992420 JavaThread "Reference Handler" daemon [_thread_blocked, id=29480, stack(0x0000001a7d600000,0x0000001a7d700000)]
  0x0000011fb2995490 JavaThread "Finalizer" daemon [_thread_blocked, id=8720, stack(0x0000001a7d700000,0x0000001a7d800000)]
  0x0000011fb299e2d0 JavaThread "Signal Dispatcher" daemon [_thread_blocked, id=35848, stack(0x0000001a7d800000,0x0000001a7d900000)]
  0x0000011fb46b7010 JavaThread "Attach Listener" daemon [_thread_blocked, id=31520, stack(0x0000001a7d900000,0x0000001a7da00000)]
  0x0000011fb46dd030 JavaThread "Service Thread" daemon [_thread_blocked, id=35308, stack(0x0000001a7da00000,0x0000001a7db00000)]
  0x0000011fb46de180 JavaThread "Monitor Deflation Thread" daemon [_thread_blocked, id=12404, stack(0x0000001a7db00000,0x0000001a7dc00000)]
=>0x0000011fb46e20e0 JavaThread "C2 CompilerThread0" daemon [_thread_in_native, id=8928, stack(0x0000001a7dc00000,0x0000001a7dd00000)]
  0x0000011fb46ecdb0 JavaThread "C1 CompilerThread0" daemon [_thread_blocked, id=31576, stack(0x0000001a7dd00000,0x0000001a7de00000)]
  0x0000011fb46f42f0 JavaThread "Sweeper thread" daemon [_thread_blocked, id=8812, stack(0x0000001a7de00000,0x0000001a7df00000)]
  0x0000011fb4880030 JavaThread "Common-Cleaner" daemon [_thread_blocked, id=36992, stack(0x0000001a7df00000,0x0000001a7e000000)]
  0x0000011fb4998460 JavaThread "Notification Thread" daemon [_thread_blocked, id=40088, stack(0x0000001a7e100000,0x0000001a7e200000)]
  0x0000011fb5eb6040 JavaThread "Active Thread: Equinox Container: 28e8910a-b2f4-4d1b-a45f-397c887d6376" [_thread_blocked, id=38140, stack(0x0000001a7e300000,0x0000001a7e400000)]
  0x0000011fb6071250 JavaThread "Framework Event Dispatcher: Equinox Container: 28e8910a-b2f4-4d1b-a45f-397c887d6376" daemon [_thread_blocked, id=316, stack(0x0000001a7e000000,0x0000001a7e100000)]
  0x0000011fb5e8da50 JavaThread "Start Level: Equinox Container: 28e8910a-b2f4-4d1b-a45f-397c887d6376" daemon [_thread_blocked, id=37652, stack(0x0000001a7ea00000,0x0000001a7eb00000)]
  0x0000011fb5e94720 JavaThread "SCR Component Actor" daemon [_thread_blocked, id=18092, stack(0x0000001a7eb00000,0x0000001a7ec00000)]
  0x0000011fb7211fa0 JavaThread "Bundle File Closer" daemon [_thread_blocked, id=40860, stack(0x0000001a7ed00000,0x0000001a7ee00000)]
  0x0000011fb7326b50 JavaThread "Worker-JM" [_thread_blocked, id=17960, stack(0x0000001a7ee00000,0x0000001a7ef00000)]
  0x0000011fb762a000 JavaThread "Worker-0" [_thread_blocked, id=33248, stack(0x0000001a7f300000,0x0000001a7f400000)]
  0x0000011fb762a4d0 JavaThread "Worker-1" [_thread_blocked, id=32616, stack(0x0000001a7f400000,0x0000001a7f500000)]
  0x0000011fb7629190 JavaThread "Java indexing" daemon [_thread_blocked, id=8292, stack(0x0000001a7f700000,0x0000001a7f800000)]
  0x0000011fb762b340 JavaThread "pool-2-thread-1" [_thread_in_native, id=6076, stack(0x0000001a7f600000,0x0000001a7f700000)]
  0x0000011fb762c680 JavaThread "Timer-1" [_thread_blocked, id=21904, stack(0x0000001a7fb00000,0x0000001a7fc00000)]
  0x0000011fb7629660 JavaThread "Timer-2" [_thread_blocked, id=26040, stack(0x0000001a7fd00000,0x0000001a7fe00000)]
  0x0000011fb5aaf560 JavaThread "Timer-3" [_thread_blocked, id=27168, stack(0x0000001a7fe00000,0x0000001a7ff00000)]
  0x0000011fb5aae6f0 JavaThread "Timer-4" [_thread_blocked, id=35264, stack(0x0000001a00400000,0x0000001a00500000)]
  0x0000011fb5aaebc0 JavaThread "Timer-5" [_thread_blocked, id=7692, stack(0x0000001a00500000,0x0000001a00600000)]
  0x0000011fb5aaa390 JavaThread "Timer-6" [_thread_blocked, id=40312, stack(0x0000001a00800000,0x0000001a00900000)]
  0x0000011fb5aa9ec0 JavaThread "Timer-7" [_thread_blocked, id=10156, stack(0x0000001a00900000,0x0000001a00a00000)]
  0x0000011fb5aaa860 JavaThread "Timer-8" [_thread_blocked, id=3380, stack(0x0000001a00700000,0x0000001a00800000)]
  0x0000011fb5aab6d0 JavaThread "Timer-9" [_thread_blocked, id=17032, stack(0x0000001a00a00000,0x0000001a00b00000)]
  0x0000011fb5aafa30 JavaThread "ForkJoinPool.commonPool-worker-1" daemon [_thread_blocked, id=7136, stack(0x0000001a00c00000,0x0000001a00d00000)]
  0x0000011fb5aad3b0 JavaThread "ForkJoinPool.commonPool-worker-3" daemon [_thread_blocked, id=3096, stack(0x0000001a00600000,0x0000001a00700000)]
  0x0000011fb5aabba0 JavaThread "ForkJoinPool.commonPool-worker-4" daemon [_thread_blocked, id=34016, stack(0x0000001a00b00000,0x0000001a00c00000)]
  0x0000011fb5aab200 JavaThread "ForkJoinPool.commonPool-worker-5" daemon [_thread_blocked, id=24052, stack(0x0000001a00e00000,0x0000001a00f00000)]
  0x0000011fb5aa86b0 JavaThread "ForkJoinPool.commonPool-worker-6" daemon [_thread_blocked, id=12780, stack(0x0000001a00f00000,0x0000001a01000000)]
  0x0000011fb5aa8b80 JavaThread "ForkJoinPool.commonPool-worker-7" daemon [_thread_blocked, id=40332, stack(0x0000001a01000000,0x0000001a01100000)]
  0x0000011fb5aa9050 JavaThread "ForkJoinPool.commonPool-worker-8" daemon [_thread_blocked, id=37960, stack(0x0000001a01100000,0x0000001a01200000)]
  0x0000011fb5aac540 JavaThread "ForkJoinPool.commonPool-worker-10" daemon [_thread_blocked, id=5884, stack(0x0000001a01300000,0x0000001a01400000)]
  0x0000011fbbe9ae50 JavaThread "Java Debug Server" daemon [_thread_in_native, id=35468, stack(0x0000001a01700000,0x0000001a01800000)]
  0x0000011fbbe9b320 JavaThread "pool-5-thread-1" [_thread_in_native, id=17812, stack(0x0000001a01800000,0x0000001a01900000)]
  0x0000011fbbe9a4b0 JavaThread "RxSchedulerPurge-1" daemon [_thread_blocked, id=22936, stack(0x0000001a01900000,0x0000001a01a00000)]
  0x0000011fbbe97490 JavaThread "RxCachedWorkerPoolEvictor-1" daemon [_thread_blocked, id=39772, stack(0x0000001a01a00000,0x0000001a01b00000)]
  0x0000011fbbe9a980 JavaThread "RxNewThreadScheduler-1" daemon [_thread_blocked, id=24416, stack(0x0000001a01b00000,0x0000001a01c00000)]
  0x0000011fbbe9b7f0 JavaThread "Packet Receive Manager" daemon [_thread_in_native, id=21688, stack(0x0000001a01c00000,0x0000001a01d00000)]
  0x0000011fbbe99640 JavaThread "Packet Send Manager" daemon [_thread_blocked, id=1320, stack(0x0000001a01d00000,0x0000001a01e00000)]
  0x0000011fbbe9bcc0 JavaThread "Debuggee Stdout Handler" daemon [_thread_in_native, id=3592, stack(0x0000001a01e00000,0x0000001a01f00000)]
  0x0000011fbbe9c190 JavaThread "Debuggee Stderr Handler" daemon [_thread_in_native, id=9304, stack(0x0000001a01f00000,0x0000001a02000000)]
  0x0000011fbbe97960 JavaThread "Event Hub" daemon [_thread_blocked, id=26412, stack(0x0000001a02000000,0x0000001a02100000)]
  0x0000011fbbe99fe0 JavaThread "RxNewThreadScheduler-2" daemon [_thread_blocked, id=23064, stack(0x0000001a01500000,0x0000001a01600000)]
  0x0000011fbbe99170 JavaThread "ForkJoinPool.commonPool-worker-13" daemon [_thread_blocked, id=28888, stack(0x0000001a00100000,0x0000001a00200000)]
  0x0000011fbbe9cb30 JavaThread "ForkJoinPool.commonPool-worker-12" daemon [_thread_blocked, id=27248, stack(0x0000001a00200000,0x0000001a00300000)]
  0x0000011fbbe9d4d0 JavaThread "ForkJoinPool.commonPool-worker-14" daemon [_thread_blocked, id=29436, stack(0x0000001a01200000,0x0000001a01300000)]
  0x0000011fbbe97e30 JavaThread "pool-7-thread-1" [_thread_blocked, id=13728, stack(0x0000001a01400000,0x0000001a01500000)]
  0x0000011fbbe96fc0 JavaThread "pool-8-thread-1" [_thread_blocked, id=34096, stack(0x0000001a00300000,0x0000001a00400000)]

Other Threads:
  0x0000011f9ebeed00 VMThread "VM Thread" [stack: 0x0000001a7d500000,0x0000001a7d600000] [id=11876]
  0x0000011fb4998930 WatcherThread [stack: 0x0000001a7e200000,0x0000001a7e300000] [id=8940]
  0x0000011f9eb2ab10 GCTaskThread "GC Thread#0" [stack: 0x0000001a7d400000,0x0000001a7d500000] [id=28420]
  0x0000011fb6071720 GCTaskThread "GC Thread#1" [stack: 0x0000001a7e400000,0x0000001a7e500000] [id=40792]
  0x0000011fb60719d0 GCTaskThread "GC Thread#2" [stack: 0x0000001a7e500000,0x0000001a7e600000] [id=33192]
  0x0000011fb6071c80 GCTaskThread "GC Thread#3" [stack: 0x0000001a7e600000,0x0000001a7e700000] [id=37080]
  0x0000011fb6071f30 GCTaskThread "GC Thread#4" [stack: 0x0000001a7e700000,0x0000001a7e800000] [id=12876]
  0x0000011fb5e8b030 GCTaskThread "GC Thread#5" [stack: 0x0000001a7e800000,0x0000001a7e900000] [id=40632]
  0x0000011fb5e8b2e0 GCTaskThread "GC Thread#6" [stack: 0x0000001a7e900000,0x0000001a7ea00000] [id=9228]
  0x0000011fb7730ef0 GCTaskThread "GC Thread#7" [stack: 0x0000001a7f000000,0x0000001a7f100000] [id=5940]
  0x0000011fb762f9d0 GCTaskThread "GC Thread#8" [stack: 0x0000001a7f100000,0x0000001a7f200000] [id=28164]
  0x0000011fb74b9f50 GCTaskThread "GC Thread#9" [stack: 0x0000001a7f200000,0x0000001a7f300000] [id=9404]

Threads with active compile tasks:
C2 CompilerThread0   324338 12726       4       org.eclipse.jdt.internal.compiler.parser.Scanner::internalScanIdentifierOrKeyword (4733 bytes)

VM state: not at safepoint (normal execution)

VM Mutex/Monitor currently owned by a thread: None

Heap address: 0x00000000c0000000, size: 1024 MB, Compressed Oops mode: 32-bit

CDS archive(s) not mapped
Compressed class space mapped at: 0x0000000100000000-0x0000000140000000, reserved size: 1073741824
Narrow klass base: 0x0000000000000000, Narrow klass shift: 3, Narrow klass range: 0x140000000

GC Precious Log:
 CPUs: 12 total, 12 available
 Memory: 16324M
 Large Page Support: Disabled
 NUMA Support: Disabled
 Compressed Oops: Enabled (32-bit)
 Alignments: Space 512K, Generation 512K, Heap 2M
 Heap Min Capacity: 100M
 Heap Initial Capacity: 100M
 Heap Max Capacity: 1G
 Pre-touch: Disabled
 Parallel Workers: 10

Heap:
 PSYoungGen      total 2560K, used 1783K [0x00000000eab00000, 0x00000000eaf00000, 0x0000000100000000)
  eden space 2048K, 87% used [0x00000000eab00000,0x00000000eacbdf10,0x00000000ead00000)
  from space 512K, 0% used [0x00000000eae80000,0x00000000eae80000,0x00000000eaf00000)
  to   space 1024K, 0% used [0x00000000ead00000,0x00000000ead00000,0x00000000eae00000)
 ParOldGen       total 125440K, used 98119K [0x00000000c0000000, 0x00000000c7a80000, 0x00000000eab00000)
  object space 125440K, 78% used [0x00000000c0000000,0x00000000c5fd1d28,0x00000000c7a80000)
 Metaspace       used 84157K, committed 85248K, reserved 1130496K
  class space    used 9849K, committed 10368K, reserved 1048576K

Card table byte_map: [0x0000011f9e4d0000,0x0000011f9e6e0000] _byte_map_base: 0x0000011f9ded0000

Marking Bits: (ParMarkBitMap*) 0x00007ff98f773af0
 Begin Bits: [0x0000011fb07a0000, 0x0000011fb17a0000)
 End Bits:   [0x0000011fb17a0000, 0x0000011fb27a0000)

Polling page: 0x0000011f9ca50000

Metaspace:

Usage:
  Non-class:     72.57 MB used.
      Class:      9.62 MB used.
       Both:     82.19 MB used.

Virtual space:
  Non-class space:       80.00 MB reserved,      73.12 MB ( 91%) committed,  10 nodes.
      Class space:        1.00 GB reserved,      10.12 MB ( <1%) committed,  1 nodes.
             Both:        1.08 GB reserved,      83.25 MB (  8%) committed. 

Chunk freelists:
   Non-Class:  2.56 MB
       Class:  1.81 MB
        Both:  4.38 MB

MaxMetaspaceSize: unlimited
CompressedClassSpaceSize: 1.00 GB
Initial GC threshold: 21.00 MB
Current GC threshold: 138.75 MB
CDS: off
MetaspaceReclaimPolicy: balanced
 - commit_granule_bytes: 65536.
 - commit_granule_words: 8192.
 - virtual_space_node_default_size: 1048576.
 - enlarge_chunks_in_place: 1.
 - new_chunks_are_fully_committed: 0.
 - uncommit_free_chunks: 1.
 - use_allocation_guard: 0.
 - handle_deallocations: 1.


Internal statistics:

num_allocs_failed_limit: 13.
num_arena_births: 760.
num_arena_deaths: 2.
num_vsnodes_births: 11.
num_vsnodes_deaths: 0.
num_space_committed: 1332.
num_space_uncommitted: 0.
num_chunks_returned_to_freelist: 16.
num_chunks_taken_from_freelist: 3982.
num_chunk_merges: 13.
num_chunk_splits: 2686.
num_chunks_enlarged: 1781.
num_purges: 2.
num_inconsistent_stats: 0.

CodeHeap 'non-profiled nmethods': size=120000Kb used=8465Kb max_used=8817Kb free=111535Kb
 bounds [0x0000011fa9270000, 0x0000011fa9b10000, 0x0000011fb07a0000]
CodeHeap 'profiled nmethods': size=120000Kb used=19767Kb max_used=19767Kb free=100232Kb
 bounds [0x0000011fa1d40000, 0x0000011fa30a0000, 0x0000011fa9270000]
CodeHeap 'non-nmethods': size=5760Kb used=1386Kb max_used=1521Kb free=4373Kb
 bounds [0x0000011fa17a0000, 0x0000011fa1a10000, 0x0000011fa1d40000]
 total_blobs=10465 nmethods=9728 adapters=649
 compilation: enabled
              stopped_count=0, restarted_count=0
 full_count=0

Compilation events (20 events):
Event: 323.365 Thread 0x0000011fb46ecdb0 nmethod 12723 0x0000011fa2ffa410 code [0x0000011fa2ffa600, 0x0000011fa2ffaa58]
Event: 323.365 Thread 0x0000011fb46ecdb0 12722       3       org.eclipse.jdt.internal.compiler.lookup.TypeBinding::getErasureCompatibleType (329 bytes)
Event: 323.366 Thread 0x0000011fb46ecdb0 nmethod 12722 0x0000011fa2ff7f90 code [0x0000011fa2ff8320, 0x0000011fa2ff9cd8]
Event: 323.495 Thread 0x0000011fcb9e44f0 nmethod 12681 0x0000011fa94c2d90 code [0x0000011fa94c6ac0, 0x0000011fa94cd6f8]
Event: 323.496 Thread 0x0000011fcb9e44f0 12718       4       org.eclipse.jdt.internal.compiler.lookup.TypeBound::hashCode (21 bytes)
Event: 323.500 Thread 0x0000011fcb9e44f0 nmethod 12718 0x0000011fa94c2510 code [0x0000011fa94c26c0, 0x0000011fa94c2aa8]
Event: 323.500 Thread 0x0000011fcb9e44f0 12666       4       org.eclipse.jdt.internal.compiler.lookup.TypeSystem$HashedParameterizedTypes$PTBKey::swapUnresolved (103 bytes)
Event: 323.509 Thread 0x0000011fcb9e44f0 nmethod 12666 0x0000011fa94c1490 code [0x0000011fa94c16a0, 0x0000011fa94c1e60]
Event: 323.509 Thread 0x0000011fcb9e44f0 12677       4       org.eclipse.jdt.internal.core.BinaryMethod::getErasedParameterTypes (82 bytes)
Event: 323.535 Thread 0x0000011fcb9e44f0 nmethod 12677 0x0000011fa94bf390 code [0x0000011fa94bf560, 0x0000011fa94c0c08]
Event: 323.535 Thread 0x0000011fcb9e44f0 12699       4       java.lang.StringBuilder::length (5 bytes)
Event: 323.535 Thread 0x0000011fcb9e44f0 nmethod 12699 0x0000011fa94bf090 code [0x0000011fa94bf200, 0x0000011fa94bf278]
Event: 323.573 Thread 0x0000011fcb9e1250 nmethod 12687 0x0000011fa9aa5590 code [0x0000011fa9aa6260, 0x0000011fa9aaca68]
Event: 323.596 Thread 0x0000011fb46e20e0 nmethod 12686 0x0000011fa9a26010 code [0x0000011fa9a26ec0, 0x0000011fa9a2fc60]
Event: 324.097 Thread 0x0000011fb46ecdb0 12725       3       java.util.concurrent.ForkJoinPool::compareAndExchangeCtl (10 bytes)
Event: 324.100 Thread 0x0000011fb46ecdb0 nmethod 12725 0x0000011fa2ff7290 code [0x0000011fa2ff74c0, 0x0000011fa2ff7c48]
Event: 324.103 Thread 0x0000011fb46e20e0 12726       4       org.eclipse.jdt.internal.compiler.parser.Scanner::internalScanIdentifierOrKeyword (4733 bytes)
Event: 324.105 Thread 0x0000011fb46ecdb0 12727       3       org.eclipse.jdt.internal.core.JavaProject::getModuleDescription (234 bytes)
Event: 324.249 Thread 0x0000011fb46ecdb0 nmethod 12727 0x0000011fa2ff4b10 code [0x0000011fa2ff4e80, 0x0000011fa2ff6918]
Event: 324.251 Thread 0x0000011fb46ecdb0 12728   !   3       org.eclipse.jdt.internal.compiler.lookup.BinaryTypeBinding::cachePartsFrom (2059 bytes)

GC Heap History (20 events):
Event: 321.894 GC heap before
{Heap before GC invocations=712 (full 23):
 PSYoungGen      total 3072K, used 2720K [0x00000000eab00000, 0x00000000eaf00000, 0x0000000100000000)
  eden space 2048K, 100% used [0x00000000eab00000,0x00000000ead00000,0x00000000ead00000)
  from space 1024K, 65% used [0x00000000eae00000,0x00000000eaea8000,0x00000000eaf00000)
  to   space 1024K, 0% used [0x00000000ead00000,0x00000000ead00000,0x00000000eae00000)
 ParOldGen       total 132608K, used 125945K [0x00000000c0000000, 0x00000000c8180000, 0x00000000eab00000)
  object space 132608K, 94% used [0x00000000c0000000,0x00000000c7afe740,0x00000000c8180000)
 Metaspace       used 83989K, committed 85120K, reserved 1130496K
  class space    used 9833K, committed 10368K, reserved 1048576K
}
Event: 321.894 GC heap after
{Heap after GC invocations=712 (full 23):
 PSYoungGen      total 3072K, used 724K [0x00000000eab00000, 0x00000000eaf00000, 0x0000000100000000)
  eden space 2048K, 0% used [0x00000000eab00000,0x00000000eab00000,0x00000000ead00000)
  from space 1024K, 70% used [0x00000000ead00000,0x00000000eadb5200,0x00000000eae00000)
  to   space 1024K, 0% used [0x00000000eae00000,0x00000000eae00000,0x00000000eaf00000)
 ParOldGen       total 132608K, used 126481K [0x00000000c0000000, 0x00000000c8180000, 0x00000000eab00000)
  object space 132608K, 95% used [0x00000000c0000000,0x00000000c7b84740,0x00000000c8180000)
 Metaspace       used 83989K, committed 85120K, reserved 1130496K
  class space    used 9833K, committed 10368K, reserved 1048576K
}
Event: 323.293 GC heap before
{Heap before GC invocations=713 (full 23):
 PSYoungGen      total 3072K, used 2772K [0x00000000eab00000, 0x00000000eaf00000, 0x0000000100000000)
  eden space 2048K, 100% used [0x00000000eab00000,0x00000000ead00000,0x00000000ead00000)
  from space 1024K, 70% used [0x00000000ead00000,0x00000000eadb5200,0x00000000eae00000)
  to   space 1024K, 0% used [0x00000000eae00000,0x00000000eae00000,0x00000000eaf00000)
 ParOldGen       total 132608K, used 126481K [0x00000000c0000000, 0x00000000c8180000, 0x00000000eab00000)
  object space 132608K, 95% used [0x00000000c0000000,0x00000000c7b84740,0x00000000c8180000)
 Metaspace       used 83990K, committed 85120K, reserved 1130496K
  class space    used 9833K, committed 10368K, reserved 1048576K
}
Event: 323.294 GC heap after
{Heap after GC invocations=713 (full 23):
 PSYoungGen      total 3072K, used 506K [0x00000000eab00000, 0x00000000eaf00000, 0x0000000100000000)
  eden space 2048K, 0% used [0x00000000eab00000,0x00000000eab00000,0x00000000ead00000)
  from space 1024K, 49% used [0x00000000eae00000,0x00000000eae7e900,0x00000000eaf00000)
  to   space 1024K, 0% used [0x00000000ead00000,0x00000000ead00000,0x00000000eae00000)
 ParOldGen       total 132608K, used 126573K [0x00000000c0000000, 0x00000000c8180000, 0x00000000eab00000)
  object space 132608K, 95% used [0x00000000c0000000,0x00000000c7b9b4d0,0x00000000c8180000)
 Metaspace       used 83990K, committed 85120K, reserved 1130496K
  class space    used 9833K, committed 10368K, reserved 1048576K
}
Event: 323.303 GC heap before
{Heap before GC invocations=714 (full 23):
 PSYoungGen      total 3072K, used 2554K [0x00000000eab00000, 0x00000000eaf00000, 0x0000000100000000)
  eden space 2048K, 99% used [0x00000000eab00000,0x00000000eacfffd0,0x00000000ead00000)
  from space 1024K, 49% used [0x00000000eae00000,0x00000000eae7e900,0x00000000eaf00000)
  to   space 1024K, 0% used [0x00000000ead00000,0x00000000ead00000,0x00000000eae00000)
 ParOldGen       total 132608K, used 126573K [0x00000000c0000000, 0x00000000c8180000, 0x00000000eab00000)
  object space 132608K, 95% used [0x00000000c0000000,0x00000000c7b9b4d0,0x00000000c8180000)
 Metaspace       used 83991K, committed 85120K, reserved 1130496K
  class space    used 9833K, committed 10368K, reserved 1048576K
}
Event: 323.304 GC heap after
{Heap after GC invocations=714 (full 23):
 PSYoungGen      total 3072K, used 832K [0x00000000eab00000, 0x00000000eaf00000, 0x0000000100000000)
  eden space 2048K, 0% used [0x00000000eab00000,0x00000000eab00000,0x00000000ead00000)
  from space 1024K, 81% used [0x00000000ead00000,0x00000000eadd0000,0x00000000eae00000)
  to   space 1024K, 0% used [0x00000000eae00000,0x00000000eae00000,0x00000000eaf00000)
 ParOldGen       total 132608K, used 126928K [0x00000000c0000000, 0x00000000c8180000, 0x00000000eab00000)
  object space 132608K, 95% used [0x00000000c0000000,0x00000000c7bf43a8,0x00000000c8180000)
 Metaspace       used 83991K, committed 85120K, reserved 1130496K
  class space    used 9833K, committed 10368K, reserved 1048576K
}
Event: 323.315 GC heap before
{Heap before GC invocations=715 (full 23):
 PSYoungGen      total 3072K, used 2819K [0x00000000eab00000, 0x00000000eaf00000, 0x0000000100000000)
  eden space 2048K, 97% used [0x00000000eab00000,0x00000000eacf0f18,0x00000000ead00000)
  from space 1024K, 81% used [0x00000000ead00000,0x00000000eadd0000,0x00000000eae00000)
  to   space 1024K, 0% used [0x00000000eae00000,0x00000000eae00000,0x00000000eaf00000)
 ParOldGen       total 132608K, used 129300K [0x00000000c0000000, 0x00000000c8180000, 0x00000000eab00000)
  object space 132608K, 97% used [0x00000000c0000000,0x00000000c7e45258,0x00000000c8180000)
 Metaspace       used 84006K, committed 85120K, reserved 1130496K
  class space    used 9833K, committed 10368K, reserved 1048576K
}
Event: 323.316 GC heap after
{Heap after GC invocations=715 (full 23):
 PSYoungGen      total 3072K, used 832K [0x00000000eab00000, 0x00000000eaf00000, 0x0000000100000000)
  eden space 2048K, 0% used [0x00000000eab00000,0x00000000eab00000,0x00000000ead00000)
  from space 1024K, 81% used [0x00000000eae00000,0x00000000eaed0000,0x00000000eaf00000)
  to   space 1024K, 0% used [0x00000000ead00000,0x00000000ead00000,0x00000000eae00000)
 ParOldGen       total 132608K, used 130019K [0x00000000c0000000, 0x00000000c8180000, 0x00000000eab00000)
  object space 132608K, 98% used [0x00000000c0000000,0x00000000c7ef8f30,0x00000000c8180000)
 Metaspace       used 84006K, committed 85120K, reserved 1130496K
  class space    used 9833K, committed 10368K, reserved 1048576K
}
Event: 323.327 GC heap before
{Heap before GC invocations=716 (full 23):
 PSYoungGen      total 3072K, used 2880K [0x00000000eab00000, 0x00000000eaf00000, 0x0000000100000000)
  eden space 2048K, 100% used [0x00000000eab00000,0x00000000ead00000,0x00000000ead00000)
  from space 1024K, 81% used [0x00000000eae00000,0x00000000eaed0000,0x00000000eaf00000)
  to   space 1024K, 0% used [0x00000000ead00000,0x00000000ead00000,0x00000000eae00000)
 ParOldGen       total 132608K, used 130019K [0x00000000c0000000, 0x00000000c8180000, 0x00000000eab00000)
  object space 132608K, 98% used [0x00000000c0000000,0x00000000c7ef8f30,0x00000000c8180000)
 Metaspace       used 84012K, committed 85184K, reserved 1130496K
  class space    used 9833K, committed 10368K, reserved 1048576K
}
Event: 323.328 GC heap after
{Heap after GC invocations=716 (full 23):
 PSYoungGen      total 3072K, used 774K [0x00000000eab00000, 0x00000000eaf00000, 0x0000000100000000)
  eden space 2048K, 0% used [0x00000000eab00000,0x00000000eab00000,0x00000000ead00000)
  from space 1024K, 75% used [0x00000000ead00000,0x00000000eadc1b98,0x00000000eae00000)
  to   space 1024K, 0% used [0x00000000eae00000,0x00000000eae00000,0x00000000eaf00000)
 ParOldGen       total 132608K, used 130699K [0x00000000c0000000, 0x00000000c8180000, 0x00000000eab00000)
  object space 132608K, 98% used [0x00000000c0000000,0x00000000c7fa2f40,0x00000000c8180000)
 Metaspace       used 84012K, committed 85184K, reserved 1130496K
  class space    used 9833K, committed 10368K, reserved 1048576K
}
Event: 323.349 GC heap before
{Heap before GC invocations=717 (full 23):
 PSYoungGen      total 3072K, used 2822K [0x00000000eab00000, 0x00000000eaf00000, 0x0000000100000000)
  eden space 2048K, 100% used [0x00000000eab00000,0x00000000ead00000,0x00000000ead00000)
  from space 1024K, 75% used [0x00000000ead00000,0x00000000eadc1b98,0x00000000eae00000)
  to   space 1024K, 0% used [0x00000000eae00000,0x00000000eae00000,0x00000000eaf00000)
 ParOldGen       total 132608K, used 130699K [0x00000000c0000000, 0x00000000c8180000, 0x00000000eab00000)
  object space 132608K, 98% used [0x00000000c0000000,0x00000000c7fa2f40,0x00000000c8180000)
 Metaspace       used 84155K, committed 85248K, reserved 1130496K
  class space    used 9849K, committed 10368K, reserved 1048576K
}
Event: 323.350 GC heap after
{Heap after GC invocations=717 (full 23):
 PSYoungGen      total 2560K, used 308K [0x00000000eab00000, 0x00000000eae80000, 0x0000000100000000)
  eden space 2048K, 0% used [0x00000000eab00000,0x00000000eab00000,0x00000000ead00000)
  from space 512K, 60% used [0x00000000eae00000,0x00000000eae4d200,0x00000000eae80000)
  to   space 512K, 0% used [0x00000000ead80000,0x00000000ead80000,0x00000000eae00000)
 ParOldGen       total 132608K, used 131058K [0x00000000c0000000, 0x00000000c8180000, 0x00000000eab00000)
  object space 132608K, 98% used [0x00000000c0000000,0x00000000c7ffcad8,0x00000000c8180000)
 Metaspace       used 84155K, committed 85248K, reserved 1130496K
  class space    used 9849K, committed 10368K, reserved 1048576K
}
Event: 323.354 GC heap before
{Heap before GC invocations=718 (full 23):
 PSYoungGen      total 2560K, used 2356K [0x00000000eab00000, 0x00000000eae80000, 0x0000000100000000)
  eden space 2048K, 100% used [0x00000000eab00000,0x00000000ead00000,0x00000000ead00000)
  from space 512K, 60% used [0x00000000eae00000,0x00000000eae4d200,0x00000000eae80000)
  to   space 512K, 0% used [0x00000000ead80000,0x00000000ead80000,0x00000000eae00000)
 ParOldGen       total 132608K, used 131058K [0x00000000c0000000, 0x00000000c8180000, 0x00000000eab00000)
  object space 132608K, 98% used [0x00000000c0000000,0x00000000c7ffcad8,0x00000000c8180000)
 Metaspace       used 84155K, committed 85248K, reserved 1130496K
  class space    used 9849K, committed 10368K, reserved 1048576K
}
Event: 323.355 GC heap after
{Heap after GC invocations=718 (full 23):
 PSYoungGen      total 2560K, used 512K [0x00000000eab00000, 0x00000000eb000000, 0x0000000100000000)
  eden space 2048K, 0% used [0x00000000eab00000,0x00000000eab00000,0x00000000ead00000)
  from space 512K, 100% used [0x00000000ead80000,0x00000000eae00000,0x00000000eae00000)
  to   space 1536K, 0% used [0x00000000eae80000,0x00000000eae80000,0x00000000eb000000)
 ParOldGen       total 132608K, used 131509K [0x00000000c0000000, 0x00000000c8180000, 0x00000000eab00000)
  object space 132608K, 99% used [0x00000000c0000000,0x00000000c806d688,0x00000000c8180000)
 Metaspace       used 84155K, committed 85248K, reserved 1130496K
  class space    used 9849K, committed 10368K, reserved 1048576K
}
Event: 323.359 GC heap before
{Heap before GC invocations=719 (full 23):
 PSYoungGen      total 2560K, used 2560K [0x00000000eab00000, 0x00000000eb000000, 0x0000000100000000)
  eden space 2048K, 100% used [0x00000000eab00000,0x00000000ead00000,0x00000000ead00000)
  from space 512K, 100% used [0x00000000ead80000,0x00000000eae00000,0x00000000eae00000)
  to   space 1536K, 0% used [0x00000000eae80000,0x00000000eae80000,0x00000000eb000000)
 ParOldGen       total 132608K, used 131509K [0x00000000c0000000, 0x00000000c8180000, 0x00000000eab00000)
  object space 132608K, 99% used [0x00000000c0000000,0x00000000c806d688,0x00000000c8180000)
 Metaspace       used 84155K, committed 85248K, reserved 1130496K
  class space    used 9849K, committed 10368K, reserved 1048576K
}
Event: 323.360 GC heap after
{Heap after GC invocations=719 (full 23):
 PSYoungGen      total 3072K, used 896K [0x00000000eab00000, 0x00000000eaf80000, 0x0000000100000000)
  eden space 2048K, 0% used [0x00000000eab00000,0x00000000eab00000,0x00000000ead00000)
  from space 1024K, 87% used [0x00000000eae80000,0x00000000eaf60000,0x00000000eaf80000)
  to   space 1024K, 0% used [0x00000000ead80000,0x00000000ead80000,0x00000000eae80000)
 ParOldGen       total 132608K, used 132037K [0x00000000c0000000, 0x00000000c8180000, 0x00000000eab00000)
  object space 132608K, 99% used [0x00000000c0000000,0x00000000c80f1688,0x00000000c8180000)
 Metaspace       used 84155K, committed 85248K, reserved 1130496K
  class space    used 9849K, committed 10368K, reserved 1048576K
}
Event: 324.109 GC heap before
{Heap before GC invocations=720 (full 23):
 PSYoungGen      total 3072K, used 2944K [0x00000000eab00000, 0x00000000eaf80000, 0x0000000100000000)
  eden space 2048K, 100% used [0x00000000eab00000,0x00000000ead00000,0x00000000ead00000)
  from space 1024K, 87% used [0x00000000eae80000,0x00000000eaf60000,0x00000000eaf80000)
  to   space 1024K, 0% used [0x00000000ead80000,0x00000000ead80000,0x00000000eae80000)
 ParOldGen       total 132608K, used 132037K [0x00000000c0000000, 0x00000000c8180000, 0x00000000eab00000)
  object space 132608K, 99% used [0x00000000c0000000,0x00000000c80f1688,0x00000000c8180000)
 Metaspace       used 84157K, committed 85248K, reserved 1130496K
  class space    used 9849K, committed 10368K, reserved 1048576K
}
Event: 324.113 GC heap after
{Heap after GC invocations=720 (full 23):
 PSYoungGen      total 3072K, used 564K [0x00000000eab00000, 0x00000000eaf00000, 0x0000000100000000)
  eden space 2048K, 0% used [0x00000000eab00000,0x00000000eab00000,0x00000000ead00000)
  from space 1024K, 55% used [0x00000000ead80000,0x00000000eae0d200,0x00000000eae80000)
  to   space 512K, 0% used [0x00000000eae80000,0x00000000eae80000,0x00000000eaf00000)
 ParOldGen       total 133120K, used 132765K [0x00000000c0000000, 0x00000000c8200000, 0x00000000eab00000)
  object space 133120K, 99% used [0x00000000c0000000,0x00000000c81a7698,0x00000000c8200000)
 Metaspace       used 84157K, committed 85248K, reserved 1130496K
  class space    used 9849K, committed 10368K, reserved 1048576K
}
Event: 324.113 GC heap before
{Heap before GC invocations=721 (full 24):
 PSYoungGen      total 3072K, used 564K [0x00000000eab00000, 0x00000000eaf00000, 0x0000000100000000)
  eden space 2048K, 0% used [0x00000000eab00000,0x00000000eab00000,0x00000000ead00000)
  from space 1024K, 55% used [0x00000000ead80000,0x00000000eae0d200,0x00000000eae80000)
  to   space 512K, 0% used [0x00000000eae80000,0x00000000eae80000,0x00000000eaf00000)
 ParOldGen       total 133120K, used 132765K [0x00000000c0000000, 0x00000000c8200000, 0x00000000eab00000)
  object space 133120K, 99% used [0x00000000c0000000,0x00000000c81a7698,0x00000000c8200000)
 Metaspace       used 84157K, committed 85248K, reserved 1130496K
  class space    used 9849K, committed 10368K, reserved 1048576K
}
Event: 324.249 GC heap after
{Heap after GC invocations=721 (full 24):
 PSYoungGen      total 2560K, used 0K [0x00000000eab00000, 0x00000000eaf00000, 0x0000000100000000)
  eden space 2048K, 0% used [0x00000000eab00000,0x00000000eab00000,0x00000000ead00000)
  from space 512K, 0% used [0x00000000eae80000,0x00000000eae80000,0x00000000eaf00000)
  to   space 1024K, 0% used [0x00000000ead00000,0x00000000ead00000,0x00000000eae00000)
 ParOldGen       total 125440K, used 98119K [0x00000000c0000000, 0x00000000c7a80000, 0x00000000eab00000)
  object space 125440K, 78% used [0x00000000c0000000,0x00000000c5fd1d28,0x00000000c7a80000)
 Metaspace       used 84157K, committed 85248K, reserved 1130496K
  class space    used 9849K, committed 10368K, reserved 1048576K
}

Deoptimization events (20 events):
Event: 323.322 Thread 0x0000011fb5aa86b0 DEOPT PACKING pc=0x0000011fa97d5b54 sp=0x0000001a00ffe280
Event: 323.322 Thread 0x0000011fb5aa86b0 DEOPT UNPACKING pc=0x0000011fa17f20a3 sp=0x0000001a00ffe278 mode 2
Event: 323.322 Thread 0x0000011fb5aa86b0 Uncommon trap: trap_request=0xffffffde fr.pc=0x0000011fa9acdd14 relative=0x00000000000025b4
Event: 323.322 Thread 0x0000011fb5aa86b0 Uncommon trap: reason=class_check action=maybe_recompile pc=0x0000011fa9acdd14 method=org.eclipse.jdt.internal.compiler.parser.Scanner.maybeAtLambdaOrCast()Z @ 112 c2
Event: 323.322 Thread 0x0000011fb5aa86b0 DEOPT PACKING pc=0x0000011fa9acdd14 sp=0x0000001a00ffe220
Event: 323.322 Thread 0x0000011fb5aa86b0 DEOPT UNPACKING pc=0x0000011fa17f20a3 sp=0x0000001a00ffe138 mode 2
Event: 323.330 Thread 0x0000011fb5aa86b0 DEOPT PACKING pc=0x0000011fa26d936b sp=0x0000001a00ffdc30
Event: 323.330 Thread 0x0000011fb5aa86b0 DEOPT UNPACKING pc=0x0000011fa17f2843 sp=0x0000001a00ffd0a8 mode 0
Event: 323.331 Thread 0x0000011fb5aa86b0 Uncommon trap: trap_request=0xffffff45 fr.pc=0x0000011fa9957248 relative=0x0000000000000128
Event: 323.331 Thread 0x0000011fb5aa86b0 Uncommon trap: reason=unstable_if action=reinterpret pc=0x0000011fa9957248 method=org.eclipse.jdt.internal.compiler.util.Util.getLineNumber(I[III)I @ 8 c2
Event: 323.331 Thread 0x0000011fb5aa86b0 DEOPT PACKING pc=0x0000011fa9957248 sp=0x0000001a00ffdeb0
Event: 323.331 Thread 0x0000011fb5aa86b0 DEOPT UNPACKING pc=0x0000011fa17f20a3 sp=0x0000001a00ffde38 mode 2
Event: 323.341 Thread 0x0000011fb5aa86b0 Uncommon trap: trap_request=0xffffff45 fr.pc=0x0000011fa9948fb4 relative=0x0000000000000214
Event: 323.341 Thread 0x0000011fb5aa86b0 Uncommon trap: reason=unstable_if action=reinterpret pc=0x0000011fa9948fb4 method=org.eclipse.jdt.internal.core.JavaElement.equals(Ljava/lang/Object;)Z @ 36 c2
Event: 323.341 Thread 0x0000011fb5aa86b0 DEOPT PACKING pc=0x0000011fa9948fb4 sp=0x0000001a00ffdb20
Event: 323.341 Thread 0x0000011fb5aa86b0 DEOPT UNPACKING pc=0x0000011fa17f20a3 sp=0x0000001a00ffdac8 mode 2
Event: 323.341 Thread 0x0000011fb5aa86b0 Uncommon trap: trap_request=0xffffff45 fr.pc=0x0000011fa98355e0 relative=0x00000000000001c0
Event: 323.341 Thread 0x0000011fb5aa86b0 Uncommon trap: reason=unstable_if action=reinterpret pc=0x0000011fa98355e0 method=org.eclipse.jdt.internal.core.JavaElement.hashCode()I @ 4 c2
Event: 323.341 Thread 0x0000011fb5aa86b0 DEOPT PACKING pc=0x0000011fa98355e0 sp=0x0000001a00ffdc00
Event: 323.341 Thread 0x0000011fb5aa86b0 DEOPT UNPACKING pc=0x0000011fa17f20a3 sp=0x0000001a00ffdba8 mode 2

Classes unloaded (1 events):
Event: 40.735 Thread 0x0000011f9ebeed00 Unloading class 0x00000001004f4800 'java/lang/invoke/LambdaForm$DMH+0x00000001004f4800'

Classes redefined (0 events):
No events

Internal exceptions (20 events):
Event: 279.740 Thread 0x0000011fb5aa86b0 Exception <a 'java/lang/ClassCastException'{0x00000000eab56e10}: class org.eclipse.jdt.internal.compiler.lookup.BinaryTypeBinding cannot be cast to class org.eclipse.jdt.internal.compiler.lookup.SourceTypeBinding (org.eclipse.jdt.internal.compiler.lookup.BinaryTypeBinding and org.eclipse.jdt.internal.compiler.lookup.SourceTypeBinding are in unnamed module of loader org.eclipse.osgi.internal.loader.EquinoxClassLoader @94f3600)> (0x00000000eab56e10) 
thrown [e:\jenkins\tmp\workspace\build\src\src\hotspot\sha
Event: 279.740 Thread 0x0000011fb5aa86b0 Exception <a 'java/lang/ClassCastException'{0x00000000eab57278}: class org.eclipse.jdt.internal.compiler.lookup.BinaryTypeBinding cannot be cast to class org.eclipse.jdt.internal.compiler.lookup.SourceTypeBinding (org.eclipse.jdt.internal.compiler.lookup.BinaryTypeBinding and org.eclipse.jdt.internal.compiler.lookup.SourceTypeBinding are in unnamed module of loader org.eclipse.osgi.internal.loader.EquinoxClassLoader @94f3600)> (0x00000000eab57278) 
thrown [e:\jenkins\tmp\workspace\build\src\src\hotspot\sha
Event: 279.740 Thread 0x0000011fb5aa86b0 Exception <a 'java/lang/ClassCastException'{0x00000000eab576e0}: class org.eclipse.jdt.internal.compiler.lookup.BinaryTypeBinding cannot be cast to class org.eclipse.jdt.internal.compiler.lookup.SourceTypeBinding (org.eclipse.jdt.internal.compiler.lookup.BinaryTypeBinding and org.eclipse.jdt.internal.compiler.lookup.SourceTypeBinding are in unnamed module of loader org.eclipse.osgi.internal.loader.EquinoxClassLoader @94f3600)> (0x00000000eab576e0) 
thrown [e:\jenkins\tmp\workspace\build\src\src\hotspot\sha
Event: 279.740 Thread 0x0000011fb5aa86b0 Exception <a 'java/lang/ClassCastException'{0x00000000eab57b48}: class org.eclipse.jdt.internal.compiler.lookup.BinaryTypeBinding cannot be cast to class org.eclipse.jdt.internal.compiler.lookup.SourceTypeBinding (org.eclipse.jdt.internal.compiler.lookup.BinaryTypeBinding and org.eclipse.jdt.internal.compiler.lookup.SourceTypeBinding are in unnamed module of loader org.eclipse.osgi.internal.loader.EquinoxClassLoader @94f3600)> (0x00000000eab57b48) 
thrown [e:\jenkins\tmp\workspace\build\src\src\hotspot\sha
Event: 279.740 Thread 0x0000011fb5aa86b0 Exception <a 'java/lang/ClassCastException'{0x00000000eab57fb0}: class org.eclipse.jdt.internal.compiler.lookup.BinaryTypeBinding cannot be cast to class org.eclipse.jdt.internal.compiler.lookup.SourceTypeBinding (org.eclipse.jdt.internal.compiler.lookup.BinaryTypeBinding and org.eclipse.jdt.internal.compiler.lookup.SourceTypeBinding are in unnamed module of loader org.eclipse.osgi.internal.loader.EquinoxClassLoader @94f3600)> (0x00000000eab57fb0) 
thrown [e:\jenkins\tmp\workspace\build\src\src\hotspot\sha
Event: 279.740 Thread 0x0000011fb5aa86b0 Exception <a 'java/lang/ClassCastException'{0x00000000eab58418}: class org.eclipse.jdt.internal.compiler.lookup.BinaryTypeBinding cannot be cast to class org.eclipse.jdt.internal.compiler.lookup.SourceTypeBinding (org.eclipse.jdt.internal.compiler.lookup.BinaryTypeBinding and org.eclipse.jdt.internal.compiler.lookup.SourceTypeBinding are in unnamed module of loader org.eclipse.osgi.internal.loader.EquinoxClassLoader @94f3600)> (0x00000000eab58418) 
thrown [e:\jenkins\tmp\workspace\build\src\src\hotspot\sha
Event: 279.740 Thread 0x0000011fb5aa86b0 Exception <a 'java/lang/ClassCastException'{0x00000000eab58880}: class org.eclipse.jdt.internal.compiler.lookup.BinaryTypeBinding cannot be cast to class org.eclipse.jdt.internal.compiler.lookup.SourceTypeBinding (org.eclipse.jdt.internal.compiler.lookup.BinaryTypeBinding and org.eclipse.jdt.internal.compiler.lookup.SourceTypeBinding are in unnamed module of loader org.eclipse.osgi.internal.loader.EquinoxClassLoader @94f3600)> (0x00000000eab58880) 
thrown [e:\jenkins\tmp\workspace\build\src\src\hotspot\sha
Event: 279.740 Thread 0x0000011fb5aa86b0 Exception <a 'java/lang/ClassCastException'{0x00000000eab58ce8}: class org.eclipse.jdt.internal.compiler.lookup.BinaryTypeBinding cannot be cast to class org.eclipse.jdt.internal.compiler.lookup.SourceTypeBinding (org.eclipse.jdt.internal.compiler.lookup.BinaryTypeBinding and org.eclipse.jdt.internal.compiler.lookup.SourceTypeBinding are in unnamed module of loader org.eclipse.osgi.internal.loader.EquinoxClassLoader @94f3600)> (0x00000000eab58ce8) 
thrown [e:\jenkins\tmp\workspace\build\src\src\hotspot\sha
Event: 279.740 Thread 0x0000011fb5aa86b0 Exception <a 'java/lang/ClassCastException'{0x00000000eab593b8}: class org.eclipse.jdt.internal.compiler.lookup.BinaryTypeBinding cannot be cast to class org.eclipse.jdt.internal.compiler.lookup.SourceTypeBinding (org.eclipse.jdt.internal.compiler.lookup.BinaryTypeBinding and org.eclipse.jdt.internal.compiler.lookup.SourceTypeBinding are in unnamed module of loader org.eclipse.osgi.internal.loader.EquinoxClassLoader @94f3600)> (0x00000000eab593b8) 
thrown [e:\jenkins\tmp\workspace\build\src\src\hotspot\sha
Event: 279.740 Thread 0x0000011fb5aa86b0 Exception <a 'java/lang/ClassCastException'{0x00000000eab59820}: class org.eclipse.jdt.internal.compiler.lookup.BinaryTypeBinding cannot be cast to class org.eclipse.jdt.internal.compiler.lookup.SourceTypeBinding (org.eclipse.jdt.internal.compiler.lookup.BinaryTypeBinding and org.eclipse.jdt.internal.compiler.lookup.SourceTypeBinding are in unnamed module of loader org.eclipse.osgi.internal.loader.EquinoxClassLoader @94f3600)> (0x00000000eab59820) 
thrown [e:\jenkins\tmp\workspace\build\src\src\hotspot\sha
Event: 279.740 Thread 0x0000011fb5aa86b0 Exception <a 'java/lang/ClassCastException'{0x00000000eab59c88}: class org.eclipse.jdt.internal.compiler.lookup.BinaryTypeBinding cannot be cast to class org.eclipse.jdt.internal.compiler.lookup.SourceTypeBinding (org.eclipse.jdt.internal.compiler.lookup.BinaryTypeBinding and org.eclipse.jdt.internal.compiler.lookup.SourceTypeBinding are in unnamed module of loader org.eclipse.osgi.internal.loader.EquinoxClassLoader @94f3600)> (0x00000000eab59c88) 
thrown [e:\jenkins\tmp\workspace\build\src\src\hotspot\sha
Event: 279.741 Thread 0x0000011fb5aa86b0 Exception <a 'java/lang/ClassCastException'{0x00000000eab5a0f0}: class org.eclipse.jdt.internal.compiler.lookup.BinaryTypeBinding cannot be cast to class org.eclipse.jdt.internal.compiler.lookup.SourceTypeBinding (org.eclipse.jdt.internal.compiler.lookup.BinaryTypeBinding and org.eclipse.jdt.internal.compiler.lookup.SourceTypeBinding are in unnamed module of loader org.eclipse.osgi.internal.loader.EquinoxClassLoader @94f3600)> (0x00000000eab5a0f0) 
thrown [e:\jenkins\tmp\workspace\build\src\src\hotspot\sha
Event: 279.741 Thread 0x0000011fb5aa86b0 Exception <a 'java/lang/ClassCastException'{0x00000000eab5a558}: class org.eclipse.jdt.internal.compiler.lookup.BinaryTypeBinding cannot be cast to class org.eclipse.jdt.internal.compiler.lookup.SourceTypeBinding (org.eclipse.jdt.internal.compiler.lookup.BinaryTypeBinding and org.eclipse.jdt.internal.compiler.lookup.SourceTypeBinding are in unnamed module of loader org.eclipse.osgi.internal.loader.EquinoxClassLoader @94f3600)> (0x00000000eab5a558) 
thrown [e:\jenkins\tmp\workspace\build\src\src\hotspot\sha
Event: 279.741 Thread 0x0000011fb5aa86b0 Exception <a 'java/lang/ClassCastException'{0x00000000eab5a9c0}: class org.eclipse.jdt.internal.compiler.lookup.BinaryTypeBinding cannot be cast to class org.eclipse.jdt.internal.compiler.lookup.SourceTypeBinding (org.eclipse.jdt.internal.compiler.lookup.BinaryTypeBinding and org.eclipse.jdt.internal.compiler.lookup.SourceTypeBinding are in unnamed module of loader org.eclipse.osgi.internal.loader.EquinoxClassLoader @94f3600)> (0x00000000eab5a9c0) 
thrown [e:\jenkins\tmp\workspace\build\src\src\hotspot\sha
Event: 279.741 Thread 0x0000011fb5aa86b0 Exception <a 'java/lang/ClassCastException'{0x00000000eab5ae28}: class org.eclipse.jdt.internal.compiler.lookup.BinaryTypeBinding cannot be cast to class org.eclipse.jdt.internal.compiler.lookup.SourceTypeBinding (org.eclipse.jdt.internal.compiler.lookup.BinaryTypeBinding and org.eclipse.jdt.internal.compiler.lookup.SourceTypeBinding are in unnamed module of loader org.eclipse.osgi.internal.loader.EquinoxClassLoader @94f3600)> (0x00000000eab5ae28) 
thrown [e:\jenkins\tmp\workspace\build\src\src\hotspot\sha
Event: 279.741 Thread 0x0000011fb5aa86b0 Exception <a 'java/lang/ClassCastException'{0x00000000eab5b290}: class org.eclipse.jdt.internal.compiler.lookup.BinaryTypeBinding cannot be cast to class org.eclipse.jdt.internal.compiler.lookup.SourceTypeBinding (org.eclipse.jdt.internal.compiler.lookup.BinaryTypeBinding and org.eclipse.jdt.internal.compiler.lookup.SourceTypeBinding are in unnamed module of loader org.eclipse.osgi.internal.loader.EquinoxClassLoader @94f3600)> (0x00000000eab5b290) 
thrown [e:\jenkins\tmp\workspace\build\src\src\hotspot\sha
Event: 279.741 Thread 0x0000011fb5aa86b0 Exception <a 'java/lang/ClassCastException'{0x00000000eab5b6f8}: class org.eclipse.jdt.internal.compiler.lookup.BinaryTypeBinding cannot be cast to class org.eclipse.jdt.internal.compiler.lookup.SourceTypeBinding (org.eclipse.jdt.internal.compiler.lookup.BinaryTypeBinding and org.eclipse.jdt.internal.compiler.lookup.SourceTypeBinding are in unnamed module of loader org.eclipse.osgi.internal.loader.EquinoxClassLoader @94f3600)> (0x00000000eab5b6f8) 
thrown [e:\jenkins\tmp\workspace\build\src\src\hotspot\sha
Event: 279.915 Thread 0x0000011fb5aa9050 Exception <a 'java/lang/ArrayIndexOutOfBoundsException'{0x00000000eae7aa90}: Index 3679 out of bounds for length 3678> (0x00000000eae7aa90) 
thrown [e:\jenkins\tmp\workspace\build\src\src\hotspot\share\interpreter\interpreterRuntime.cpp, line 428]
Event: 298.021 Thread 0x0000011fb5aa86b0 Exception <a 'java/lang/ArrayIndexOutOfBoundsException'{0x00000000eacf1450}: Index 3684 out of bounds for length 3683> (0x00000000eacf1450) 
thrown [e:\jenkins\tmp\workspace\build\src\src\hotspot\share\interpreter\interpreterRuntime.cpp, line 428]
Event: 308.841 Thread 0x0000011fb5aa86b0 Implicit null exception at 0x0000011fa9983b20 to 0x0000011fa9983ff0

VM Operations (20 events):
Event: 321.894 Executing VM operation: ParallelGCFailedAllocation
Event: 321.894 Executing VM operation: ParallelGCFailedAllocation done
Event: 323.293 Executing VM operation: ParallelGCFailedAllocation
Event: 323.294 Executing VM operation: ParallelGCFailedAllocation done
Event: 323.303 Executing VM operation: ParallelGCFailedAllocation
Event: 323.304 Executing VM operation: ParallelGCFailedAllocation done
Event: 323.314 Executing VM operation: ParallelGCFailedAllocation
Event: 323.316 Executing VM operation: ParallelGCFailedAllocation done
Event: 323.326 Executing VM operation: ParallelGCFailedAllocation
Event: 323.328 Executing VM operation: ParallelGCFailedAllocation done
Event: 323.339 Executing VM operation: HandshakeAllThreads
Event: 323.339 Executing VM operation: HandshakeAllThreads done
Event: 323.349 Executing VM operation: ParallelGCFailedAllocation
Event: 323.350 Executing VM operation: ParallelGCFailedAllocation done
Event: 323.354 Executing VM operation: ParallelGCFailedAllocation
Event: 323.355 Executing VM operation: ParallelGCFailedAllocation done
Event: 323.359 Executing VM operation: ParallelGCFailedAllocation
Event: 323.360 Executing VM operation: ParallelGCFailedAllocation done
Event: 324.109 Executing VM operation: ParallelGCFailedAllocation
Event: 324.249 Executing VM operation: ParallelGCFailedAllocation done

Events (20 events):
Event: 298.345 Thread 0x0000011fcb9e35c0 Thread exited: 0x0000011fcb9e35c0
Event: 298.345 Thread 0x0000011fcb9e2690 Thread exited: 0x0000011fcb9e2690
Event: 298.361 Thread 0x0000011fcb9e0d40 Thread added: 0x0000011fcb9e0d40
Event: 298.362 Thread 0x0000011fcb9e7280 Thread added: 0x0000011fcb9e7280
Event: 298.666 Thread 0x0000011fcb9e7280 Thread exited: 0x0000011fcb9e7280
Event: 298.666 Thread 0x0000011fcb9e0d40 Thread exited: 0x0000011fcb9e0d40
Event: 298.698 Thread 0x0000011fcb9e7280 Thread added: 0x0000011fcb9e7280
Event: 298.996 Thread 0x0000011fcb9e7280 Thread exited: 0x0000011fcb9e7280
Event: 308.798 Thread 0x0000011fcb9e35c0 Thread added: 0x0000011fcb9e35c0
Event: 308.854 Thread 0x0000011fcb9e4a00 Thread added: 0x0000011fcb9e4a00
Event: 309.117 Thread 0x0000011fcb9e4a00 Thread exited: 0x0000011fcb9e4a00
Event: 309.118 Thread 0x0000011fcb9e35c0 Thread exited: 0x0000011fcb9e35c0
Event: 309.201 Thread 0x0000011fcb9dfe10 Thread added: 0x0000011fcb9dfe10
Event: 312.731 Thread 0x0000011fcb9dfe10 Thread exited: 0x0000011fcb9dfe10
Event: 316.806 Thread 0x0000011fcb9dfe10 Thread added: 0x0000011fcb9dfe10
Event: 319.318 Thread 0x0000011fcb9dfe10 Thread exited: 0x0000011fcb9dfe10
Event: 323.321 Thread 0x0000011fcb9e44f0 Thread added: 0x0000011fcb9e44f0
Event: 323.323 Thread 0x0000011fcb9e1250 Thread added: 0x0000011fcb9e1250
Event: 324.097 Thread 0x0000011fcb9e1250 Thread exited: 0x0000011fcb9e1250
Event: 324.097 Thread 0x0000011fcb9e44f0 Thread exited: 0x0000011fcb9e44f0


Dynamic libraries:
0x00007ff6898b0000 - 0x00007ff6898be000 	c:\Users\brand\.vscode\extensions\redhat.java-1.4.0\jre\17.0.2-win32-x86_64\bin\java.exe
0x00007ff9e2320000 - 0x00007ff9e2529000 	C:\Windows\SYSTEM32\ntdll.dll
0x00007ff9e1a30000 - 0x00007ff9e1aed000 	C:\Windows\System32\KERNEL32.DLL
0x00007ff9dfca0000 - 0x00007ff9e0014000 	C:\Windows\System32\KERNELBASE.dll
0x00007ff9df9f0000 - 0x00007ff9dfb01000 	C:\Windows\System32\ucrtbase.dll
0x00007ff9d5f50000 - 0x00007ff9d5f68000 	c:\Users\brand\.vscode\extensions\redhat.java-1.4.0\jre\17.0.2-win32-x86_64\bin\jli.dll
0x00007ff9d6280000 - 0x00007ff9d6299000 	c:\Users\brand\.vscode\extensions\redhat.java-1.4.0\jre\17.0.2-win32-x86_64\bin\VCRUNTIME140.dll
0x00007ff9e1740000 - 0x00007ff9e18ec000 	C:\Windows\System32\USER32.dll
0x00007ff9e0020000 - 0x00007ff9e0046000 	C:\Windows\System32\win32u.dll
0x00007ff9b67e0000 - 0x00007ff9b6a85000 	C:\Windows\WinSxS\amd64_microsoft.windows.common-controls_6595b64144ccf1df_6.0.22000.120_none_9d947278b86cc467\COMCTL32.dll
0x00007ff9e0e70000 - 0x00007ff9e0e99000 	C:\Windows\System32\GDI32.dll
0x00007ff9e06a0000 - 0x00007ff9e0743000 	C:\Windows\System32\msvcrt.dll
0x00007ff9dfb80000 - 0x00007ff9dfc92000 	C:\Windows\System32\gdi32full.dll
0x00007ff9df810000 - 0x00007ff9df8ad000 	C:\Windows\System32\msvcp_win.dll
0x00007ff9e1700000 - 0x00007ff9e1731000 	C:\Windows\System32\IMM32.DLL
0x00007ff9dc830000 - 0x00007ff9dc83c000 	c:\Users\brand\.vscode\extensions\redhat.java-1.4.0\jre\17.0.2-win32-x86_64\bin\vcruntime140_1.dll
0x00007ff9ac180000 - 0x00007ff9ac211000 	c:\Users\brand\.vscode\extensions\redhat.java-1.4.0\jre\17.0.2-win32-x86_64\bin\msvcp140.dll
0x00007ff98ebf0000 - 0x00007ff98f837000 	c:\Users\brand\.vscode\extensions\redhat.java-1.4.0\jre\17.0.2-win32-x86_64\bin\server\jvm.dll
0x00007ff9e0ea0000 - 0x00007ff9e0f4e000 	C:\Windows\System32\ADVAPI32.dll
0x00007ff9e1c90000 - 0x00007ff9e1d2e000 	C:\Windows\System32\sechost.dll
0x00007ff9e0750000 - 0x00007ff9e0870000 	C:\Windows\System32\RPCRT4.dll
0x00007ff9e1d30000 - 0x00007ff9e1d38000 	C:\Windows\System32\PSAPI.DLL
0x00007ff9d9400000 - 0x00007ff9d9433000 	C:\Windows\SYSTEM32\WINMM.dll
0x00007ff9d0690000 - 0x00007ff9d0699000 	C:\Windows\SYSTEM32\WSOCK32.dll
0x00007ff9d9b40000 - 0x00007ff9d9b4a000 	C:\Windows\SYSTEM32\VERSION.dll
0x00007ff9e0220000 - 0x00007ff9e028f000 	C:\Windows\System32\WS2_32.dll
0x00007ff9dea00000 - 0x00007ff9dea18000 	C:\Windows\SYSTEM32\kernel.appcore.dll
0x00007ff9dbaf0000 - 0x00007ff9dbafa000 	c:\Users\brand\.vscode\extensions\redhat.java-1.4.0\jre\17.0.2-win32-x86_64\bin\jimage.dll
0x00007ff9dd2a0000 - 0x00007ff9dd4c1000 	C:\Windows\SYSTEM32\DBGHELP.DLL
0x00007ff9d4670000 - 0x00007ff9d46a1000 	C:\Windows\SYSTEM32\dbgcore.DLL
0x00007ff9df970000 - 0x00007ff9df9ef000 	C:\Windows\System32\bcryptPrimitives.dll
0x00007ff9d5530000 - 0x00007ff9d5555000 	c:\Users\brand\.vscode\extensions\redhat.java-1.4.0\jre\17.0.2-win32-x86_64\bin\java.dll
0x00007ff9d5770000 - 0x00007ff9d5788000 	c:\Users\brand\.vscode\extensions\redhat.java-1.4.0\jre\17.0.2-win32-x86_64\bin\zip.dll
0x00007ff9e0f50000 - 0x00007ff9e16fe000 	C:\Windows\System32\SHELL32.dll
0x00007ff9dd980000 - 0x00007ff9de1e8000 	C:\Windows\SYSTEM32\windows.storage.dll
0x00007ff9e1f60000 - 0x00007ff9e22d8000 	C:\Windows\System32\combase.dll
0x00007ff9dd810000 - 0x00007ff9dd976000 	C:\Windows\SYSTEM32\wintypes.dll
0x00007ff9e0d70000 - 0x00007ff9e0e5a000 	C:\Windows\System32\SHCORE.dll
0x00007ff9e01c0000 - 0x00007ff9e021d000 	C:\Windows\System32\shlwapi.dll
0x00007ff9df740000 - 0x00007ff9df761000 	C:\Windows\SYSTEM32\profapi.dll
0x00007ff9d34d0000 - 0x00007ff9d34e9000 	C:\Users\brand\.vscode\extensions\redhat.java-1.4.0\jre\17.0.2-win32-x86_64\bin\net.dll
0x00007ff9dacd0000 - 0x00007ff9daddc000 	C:\Windows\SYSTEM32\WINHTTP.dll
0x00007ff9dee30000 - 0x00007ff9dee97000 	C:\Windows\system32\mswsock.dll
0x00007ff9d31a0000 - 0x00007ff9d31b5000 	C:\Users\brand\.vscode\extensions\redhat.java-1.4.0\jre\17.0.2-win32-x86_64\bin\nio.dll
0x00007ff9df070000 - 0x00007ff9df088000 	C:\Windows\SYSTEM32\CRYPTSP.dll
0x00007ff9de960000 - 0x00007ff9de995000 	C:\Windows\system32\rsaenh.dll
0x00007ff9def20000 - 0x00007ff9def49000 	C:\Windows\SYSTEM32\USERENV.dll
0x00007ff9df1f0000 - 0x00007ff9df217000 	C:\Windows\SYSTEM32\bcrypt.dll
0x00007ff9df090000 - 0x00007ff9df09c000 	C:\Windows\SYSTEM32\CRYPTBASE.dll
0x00007ff9de4b0000 - 0x00007ff9de4dd000 	C:\Windows\SYSTEM32\IPHLPAPI.DLL
0x00007ff9e0d60000 - 0x00007ff9e0d69000 	C:\Windows\System32\NSI.dll
0x00007ff9dacb0000 - 0x00007ff9dacc9000 	C:\Windows\SYSTEM32\dhcpcsvc6.DLL
0x00007ff9db080000 - 0x00007ff9db09e000 	C:\Windows\SYSTEM32\dhcpcsvc.DLL
0x00007ff9de4e0000 - 0x00007ff9de5c7000 	C:\Windows\SYSTEM32\DNSAPI.dll
0x00007ff9c51c0000 - 0x00007ff9c51fe000 	C:\Users\brand\AppData\Roaming\Code\User\globalStorage\redhat.java\1.4.0\config_win\org.eclipse.equinox.launcher\org.eclipse.equinox.launcher.win32.win32.x86_64_1.2.400.v20211117-0650\eclipse_11602.dll
0x00007ff9e1af0000 - 0x00007ff9e1c8a000 	C:\Windows\System32\ole32.dll
0x00007ff9db5b0000 - 0x00007ff9db5c0000 	c:\Users\brand\.vscode\extensions\redhat.java-1.4.0\jre\17.0.2-win32-x86_64\bin\verify.dll
0x00007ff9cf330000 - 0x00007ff9cf341000 	C:\Users\brand\AppData\Roaming\Code\User\globalStorage\redhat.java\1.4.0\config_win\org.eclipse.osgi\22\0\.cp\jWinHttp-1.0.0.dll
0x00007ff9dc8e0000 - 0x00007ff9dc8e9000 	C:\Users\brand\.vscode\extensions\redhat.java-1.4.0\jre\17.0.2-win32-x86_64\bin\management.dll
0x00007ff9db5d0000 - 0x00007ff9db5db000 	C:\Users\brand\.vscode\extensions\redhat.java-1.4.0\jre\17.0.2-win32-x86_64\bin\management_ext.dll
0x00007ff9d60a0000 - 0x00007ff9d60c7000 	C:\Users\brand\.gradle\native\e1d6ef7f7dcc3fd88c89a11ec53ec762bb8ba0a96d01ffa2cd45eb1d1d8dd5c5\windows-amd64\native-platform.dll
0x00007ff9d55d0000 - 0x00007ff9d55de000 	C:\Users\brand\.vscode\extensions\redhat.java-1.4.0\jre\17.0.2-win32-x86_64\bin\sunmscapi.dll
0x00007ff9e0050000 - 0x00007ff9e01b2000 	C:\Windows\System32\CRYPT32.dll
0x00007ff9df1c0000 - 0x00007ff9df1e8000 	C:\Windows\SYSTEM32\ncrypt.dll
0x00007ff9df180000 - 0x00007ff9df1b7000 	C:\Windows\SYSTEM32\NTASN1.dll
0x00007ff9d4640000 - 0x00007ff9d4648000 	C:\Windows\system32\wshunix.dll

dbghelp: loaded successfully - version: 4.0.5 - missing functions: none
symbol engine: initialized successfully - sym options: 0x614 - pdb path: .;c:\Users\brand\.vscode\extensions\redhat.java-1.4.0\jre\17.0.2-win32-x86_64\bin;C:\Windows\SYSTEM32;C:\Windows\WinSxS\amd64_microsoft.windows.common-controls_6595b64144ccf1df_6.0.22000.120_none_9d947278b86cc467;c:\Users\brand\.vscode\extensions\redhat.java-1.4.0\jre\17.0.2-win32-x86_64\bin\server;C:\Users\brand\AppData\Roaming\Code\User\globalStorage\redhat.java\1.4.0\config_win\org.eclipse.equinox.launcher\org.eclipse.equinox.launcher.win32.win32.x86_64_1.2.400.v20211117-0650;C:\Users\brand\AppData\Roaming\Code\User\globalStorage\redhat.java\1.4.0\config_win\org.eclipse.osgi\22\0\.cp;C:\Users\brand\.gradle\native\e1d6ef7f7dcc3fd88c89a11ec53ec762bb8ba0a96d01ffa2cd45eb1d1d8dd5c5\windows-amd64

VM Arguments:
jvm_args: --add-modules=ALL-SYSTEM --add-opens=java.base/java.util=ALL-UNNAMED --add-opens=java.base/java.lang=ALL-UNNAMED --add-opens=java.base/sun.nio.fs=ALL-UNNAMED -Declipse.application=org.eclipse.jdt.ls.core.id1 -Dosgi.bundles.defaultStartLevel=4 -Declipse.product=org.eclipse.jdt.ls.core.product -Djava.import.generatesMetadataFilesAtProjectRoot=false -Dfile.encoding=utf8 -DwatchParentProcess=false -XX:+UseParallelGC -XX:GCTimeRatio=4 -XX:AdaptiveSizePolicyWeight=90 -Dsun.zip.disableMemoryMapping=true -Xmx1G -Xms100m -XX:+HeapDumpOnOutOfMemoryError -XX:HeapDumpPath=c:\Users\brand\AppData\Roaming\Code\User\workspaceStorage\ed4a9e16fab62d1cd9c43109e4623cae\redhat.java 
java_command: c:\Users\brand\.vscode\extensions\redhat.java-1.4.0\server\plugins\org.eclipse.equinox.launcher_1.6.400.v20210924-0641.jar -configuration c:\Users\brand\AppData\Roaming\Code\User\globalStorage\redhat.java\1.4.0\config_win -data c:\Users\brand\AppData\Roaming\Code\User\workspaceStorage\ed4a9e16fab62d1cd9c43109e4623cae\redhat.java\jdt_ws
java_class_path (initial): c:\Users\brand\.vscode\extensions\redhat.java-1.4.0\server\plugins\org.eclipse.equinox.launcher_1.6.400.v20210924-0641.jar
Launcher Type: SUN_STANDARD

[Global flags]
    uintx AdaptiveSizePolicyWeight                 = 90                                        {product} {command line}
     intx CICompilerCount                          = 4                                         {product} {ergonomic}
    uintx GCTimeRatio                              = 4                                         {product} {command line}
     bool HeapDumpOnOutOfMemoryError               = true                                   {manageable} {command line}
    ccstr HeapDumpPath                             = c:\Users\brand\AppData\Roaming\Code\User\workspaceStorage\ed4a9e16fab62d1cd9c43109e4623cae\redhat.java         {manageable} {command line}
   size_t InitialHeapSize                          = 104857600                                 {product} {command line}
   size_t MaxHeapSize                              = 1073741824                                {product} {command line}
   size_t MaxNewSize                               = 357564416                                 {product} {ergonomic}
   size_t MinHeapDeltaBytes                        = 524288                                    {product} {ergonomic}
   size_t MinHeapSize                              = 104857600                                 {product} {command line}
   size_t NewSize                                  = 34603008                                  {product} {ergonomic}
    uintx NonNMethodCodeHeapSize                   = 5839372                                {pd product} {ergonomic}
    uintx NonProfiledCodeHeapSize                  = 122909434                              {pd product} {ergonomic}
   size_t OldSize                                  = 70254592                                  {product} {ergonomic}
    uintx ProfiledCodeHeapSize                     = 122909434                              {pd product} {ergonomic}
    uintx ReservedCodeCacheSize                    = 251658240                              {pd product} {ergonomic}
     bool SegmentedCodeCache                       = true                                      {product} {ergonomic}
   size_t SoftMaxHeapSize                          = 1073741824                             {manageable} {ergonomic}
     bool UseCompressedClassPointers               = true                           {product lp64_product} {ergonomic}
     bool UseCompressedOops                        = true                           {product lp64_product} {ergonomic}
     bool UseLargePagesIndividualAllocation        = false                                  {pd product} {ergonomic}
     bool UseParallelGC                            = true                                      {product} {command line}

Logging:
Log output configuration:
 #0: stdout all=warning uptime,level,tags
 #1: stderr all=off uptime,level,tags

Environment Variables:
JAVA_HOME=C:\Program Files\Eclipse Adoptium\jdk-17.0.2.8-hotspot\
PATH=C:\Program Files\Eclipse Adoptium\jdk-17.0.2.8-hotspot\bin;C:\Windows\system32;C:\Windows;C:\Windows\System32\Wbem;C:\Windows\System32\WindowsPowerShell\v1.0\;C:\Windows\System32\OpenSSH\;C:\Program Files\NVIDIA Corporation\NVIDIA NvDLISR;C:\Program Files (x86)\NVIDIA Corporation\PhysX\Common;C:\Program Files\Git\cmd;C:\Users\brand\AppData\Local\Microsoft\WindowsApps;;C:\Users\brand\AppData\Local\Programs\Microsoft VS Code\bin
USERNAME=brand
OS=Windows_NT
PROCESSOR_IDENTIFIER=Intel64 Family 6 Model 158 Stepping 10, GenuineIntel



---------------  S Y S T E M  ---------------

OS:
 Windows 11 , 64 bit Build 22000 (10.0.22000.434)
OS uptime: 13 days 21:34 hours

CPU: total 12 (initial active 12) (6 cores per cpu, 2 threads per core) family 6 model 158 stepping 10 microcode 0xde, cx8, cmov, fxsr, ht, mmx, 3dnowpref, sse, sse2, sse3, ssse3, sse4.1, sse4.2, popcnt, lzcnt, tsc, tscinvbit, avx, avx2, aes, erms, clmul, bmi1, bmi2, rtm, adx, fma, vzeroupper, clflush, clflushopt

Memory: 4k page, system-wide physical 16324M (5788M free)
TotalPageFile size 19665M (AvailPageFile size 2742M)
current process WorkingSet (physical memory assigned to process): 413M, peak: 435M
current process commit charge ("private bytes"): 441M, peak: 466M

vm_info: OpenJDK 64-Bit Server VM (17.0.2+8) for windows-amd64 JRE (17.0.2+8), built on Jan 20 2022 04:52:34 by "" with MS VC++ 16.7 (VS2019)

END.
